# JRE version: Java(TM) SE Runtime Environment (8.0_131-b11) (build 1.8.0_131-b11)
# Java VM: Java HotSpot(TM) 64-Bit Server VM (25.131-b11 mixed mode windows-amd64 compressed oops)
Heap:
 PSYoungGen      total 109056K, used 76670K [0x000000076c600000, 0x0000000777d00000, 0x00000007c0000000)
  eden space 92160K, 64% used [0x000000076c600000,0x0000000770064260,0x0000000772000000)
  from space 16896K, 99% used [0x0000000773380000,0x00000007743fb840,0x0000000774400000)
  to   space 19968K, 0% used [0x0000000772000000,0x0000000772000000,0x0000000773380000)
 ParOldGen       total 117248K, used 16594K [0x00000006c5200000, 0x00000006cc480000, 0x000000076c600000)
  object space 117248K, 14% used [0x00000006c5200000,0x00000006c6234a38,0x00000006cc480000)
 Metaspace       used 26316K, capacity 27006K, committed 27184K, reserved 1073152K
  class space    used 3054K, capacity 3294K, committed 3376K, reserved 1048576K
GC Heap History (10 events):
Event: 7.732 GC heap before
{Heap before GC invocations=5 (full 1):
 PSYoungGen      total 75264K, used 10744K [0x000000076c600000, 0x0000000771a00000, 0x00000007c0000000)
  eden space 64512K, 0% used [0x000000076c600000,0x000000076c600000,0x0000000770500000)
  from space 10752K, 99% used [0x0000000770f80000,0x00000007719fe050,0x0000000771a00000)
  to   space 10752K, 0% used [0x0000000770500000,0x0000000770500000,0x0000000770f80000)
 ParOldGen       total 172032K, used 8254K [0x00000006c5200000, 0x00000006cfa00000, 0x000000076c600000)
  object space 172032K, 4% used [0x00000006c5200000,0x00000006c5a0f818,0x00000006cfa00000)
 Metaspace       used 20739K, capacity 21140K, committed 21296K, reserved 1069056K
  class space    used 2404K, capacity 2586K, committed 2608K, reserved 1048576K
Event: 7.805 GC heap after
Heap after GC invocations=5 (full 1):
 PSYoungGen      total 75264K, used 0K [0x000000076c600000, 0x0000000771a00000, 0x00000007c0000000)
  eden space 64512K, 0% used [0x000000076c600000,0x000000076c600000,0x0000000770500000)
  from space 10752K, 0% used [0x0000000770f80000,0x0000000770f80000,0x0000000771a00000)
  to   space 10752K, 0% used [0x0000000770500000,0x0000000770500000,0x0000000770f80000)
 ParOldGen       total 117248K, used 15834K [0x00000006c5200000, 0x00000006cc480000, 0x000000076c600000)
  object space 117248K, 13% used [0x00000006c5200000,0x00000006c61768b0,0x00000006cc480000)
 Metaspace       used 20739K, capacity 21140K, committed 21296K, reserved 1069056K
  class space    used 2404K, capacity 2586K, committed 2608K, reserved 1048576K
}
Event: 8.651 GC heap before
{Heap before GC invocations=6 (full 1):
 PSYoungGen      total 75264K, used 64512K [0x000000076c600000, 0x0000000771a00000, 0x00000007c0000000)
  eden space 64512K, 100% used [0x000000076c600000,0x0000000770500000,0x0000000770500000)
  from space 10752K, 0% used [0x0000000770f80000,0x0000000770f80000,0x0000000771a00000)
  to   space 10752K, 0% used [0x0000000770500000,0x0000000770500000,0x0000000770f80000)
 ParOldGen       total 117248K, used 15834K [0x00000006c5200000, 0x00000006cc480000, 0x000000076c600000)
  object space 117248K, 13% used [0x00000006c5200000,0x00000006c61768b0,0x00000006cc480000)
 Metaspace       used 22419K, capacity 22982K, committed 23344K, reserved 1069056K
  class space    used 2599K, capacity 2820K, committed 2864K, reserved 1048576K
Event: 8.655 GC heap after
Heap after GC invocations=6 (full 1):
 PSYoungGen      total 75264K, used 5076K [0x000000076c600000, 0x0000000774400000, 0x00000007c0000000)
  eden space 64512K, 0% used [0x000000076c600000,0x000000076c600000,0x0000000770500000)
  from space 10752K, 47% used [0x0000000770500000,0x00000007709f5118,0x0000000770f80000)
  to   space 16896K, 0% used [0x0000000773380000,0x0000000773380000,0x0000000774400000)
 ParOldGen       total 117248K, used 15842K [0x00000006c5200000, 0x00000006cc480000, 0x000000076c600000)
  object space 117248K, 13% used [0x00000006c5200000,0x00000006c61788b0,0x00000006cc480000)
 Metaspace       used 22419K, capacity 22982K, committed 23344K, reserved 1069056K
  class space    used 2599K, capacity 2820K, committed 2864K, reserved 1048576K
}
Event: 9.720 GC heap before
{Heap before GC invocations=7 (full 1):
 PSYoungGen      total 75264K, used 69588K [0x000000076c600000, 0x0000000774400000, 0x00000007c0000000)
  eden space 64512K, 100% used [0x000000076c600000,0x0000000770500000,0x0000000770500000)
  from space 10752K, 47% used [0x0000000770500000,0x00000007709f5118,0x0000000770f80000)
  to   space 16896K, 0% used [0x0000000773380000,0x0000000773380000,0x0000000774400000)
 ParOldGen       total 117248K, used 15842K [0x00000006c5200000, 0x00000006cc480000, 0x000000076c600000)
  object space 117248K, 13% used [0x00000006c5200000,0x00000006c61788b0,0x00000006cc480000)
 Metaspace       used 25807K, capacity 26524K, committed 26928K, reserved 1073152K
  class space    used 3017K, capacity 3275K, committed 3376K, reserved 1048576K
Event: 9.732 GC heap after
Heap after GC invocations=7 (full 1):
 PSYoungGen      total 110592K, used 15266K [0x000000076c600000, 0x0000000774800000, 0x00000007c0000000)
  eden space 93696K, 0% used [0x000000076c600000,0x000000076c600000,0x0000000772180000)
  from space 16896K, 90% used [0x0000000773380000,0x0000000774268b70,0x0000000774400000)
  to   space 18432K, 0% used [0x0000000772180000,0x0000000772180000,0x0000000773380000)
 ParOldGen       total 117248K, used 15850K [0x00000006c5200000, 0x00000006cc480000, 0x000000076c600000)
  object space 117248K, 13% used [0x00000006c5200000,0x00000006c617a8b0,0x00000006cc480000)
 Metaspace       used 25807K, capacity 26524K, committed 26928K, reserved 1073152K
  class space    used 3017K, capacity 3275K, committed 3376K, reserved 1048576K
}
Event: 10.183 GC heap before
{Heap before GC invocations=8 (full 1):
 PSYoungGen      total 110592K, used 108962K [0x000000076c600000, 0x0000000774800000, 0x00000007c0000000)
  eden space 93696K, 100% used [0x000000076c600000,0x0000000772180000,0x0000000772180000)
  from space 16896K, 90% used [0x0000000773380000,0x0000000774268b70,0x0000000774400000)
  to   space 18432K, 0% used [0x0000000772180000,0x0000000772180000,0x0000000773380000)
 ParOldGen       total 117248K, used 15850K [0x00000006c5200000, 0x00000006cc480000, 0x000000076c600000)
  object space 117248K, 13% used [0x00000006c5200000,0x00000006c617a8b0,0x00000006cc480000)
 Metaspace       used 26100K, capacity 26780K, committed 27184K, reserved 1073152K
  class space    used 3030K, capacity 3275K, committed 3376K, reserved 1048576K
Event: 10.191 GC heap after
Heap after GC invocations=8 (full 1):
 PSYoungGen      total 112128K, used 13084K [0x000000076c600000, 0x0000000774800000, 0x00000007c0000000)
  eden space 93696K, 0% used [0x000000076c600000,0x000000076c600000,0x0000000772180000)
  from space 18432K, 70% used [0x0000000772180000,0x0000000772e47080,0x0000000773380000)
  to   space 16896K, 0% used [0x0000000773380000,0x0000000773380000,0x0000000774400000)
 ParOldGen       total 117248K, used 15858K [0x00000006c5200000, 0x00000006cc480000, 0x000000076c600000)
  object space 117248K, 13% used [0x00000006c5200000,0x00000006c617c8b0,0x00000006cc480000)
 Metaspace       used 26100K, capacity 26780K, committed 27184K, reserved 1073152K
  class space    used 3030K, capacity 3275K, committed 3376K, reserved 1048576K
}
Event: 10.611 GC heap before
{Heap before GC invocations=9 (full 1):
 PSYoungGen      total 112128K, used 106780K [0x000000076c600000, 0x0000000774800000, 0x00000007c0000000)
  eden space 93696K, 100% used [0x000000076c600000,0x0000000772180000,0x0000000772180000)
  from space 18432K, 70% used [0x0000000772180000,0x0000000772e47080,0x0000000773380000)
  to   space 16896K, 0% used [0x0000000773380000,0x0000000773380000,0x0000000774400000)
 ParOldGen       total 117248K, used 15858K [0x00000006c5200000, 0x00000006cc480000, 0x000000076c600000)
  object space 117248K, 13% used [0x00000006c5200000,0x00000006c617c8b0,0x00000006cc480000)
 Metaspace       used 26259K, capacity 26878K, committed 27184K, reserved 1073152K
  class space    used 3047K, capacity 3282K, committed 3376K, reserved 1048576K
Event: 10.620 GC heap after
Heap after GC invocations=9 (full 1):
 PSYoungGen      total 109056K, used 16878K [0x000000076c600000, 0x0000000777d00000, 0x00000007c0000000)
  eden space 92160K, 0% used [0x000000076c600000,0x000000076c600000,0x0000000772000000)
  from space 16896K, 99% used [0x0000000773380000,0x00000007743fb840,0x0000000774400000)
  to   space 19968K, 0% used [0x0000000772000000,0x0000000772000000,0x0000000773380000)
 ParOldGen       total 117248K, used 16594K [0x00000006c5200000, 0x00000006cc480000, 0x000000076c600000)
  object space 117248K, 14% used [0x00000006c5200000,0x00000006c6234a38,0x00000006cc480000)
 Metaspace       used 26259K, capacity 26878K, committed 27184K, reserved 1073152K
  class space    used 3047K, capacity 3282K, committed 3376K, reserved 1048576K
}

